<?xml version="1.0" encoding="UTF-8"?>
<!-- Generated by org.testng.reporters.JUnitXMLReporter -->
<testsuite hostname="SwathiKiran" ignored="0" name="Default test" tests="3" failures="0" timestamp="20 Jun 2021 16:42:52 GMT" time="55.3" errors="0">
  <testcase name="testHomePage" time="12.14" classname="tests.TestHomePage"/>
  <testcase name="testSortByPrice" time="16.167" classname="tests.TestHomePage"/>
  <testcase name="testDate" time="1.536" classname="tests.TestHomePage"/>
</testsuite> <!-- Default test -->
