<?xml version="1.0" encoding="UTF-8"?>
<!-- Generated by org.testng.reporters.JUnitXMLReporter -->
<testsuite hostname="SwathiKiran" ignored="0" name="Flight Search Test Chrome" tests="3" failures="0" timestamp="20 Jun 2021 17:42:02 GMT" time="48.63" errors="0">
  <testcase name="testHomePage" time="17.053" classname="tests.TestHomePage"/>
  <testcase name="testSortByPrice" time="13.639" classname="tests.TestHomePage"/>
  <testcase name="testDate" time="1.165" classname="tests.TestHomePage"/>
</testsuite> <!-- Flight Search Test Chrome -->
